<?xml version="1.0" encoding="UTF-8"?>
<!-- Generated by org.testng.reporters.JUnitReportReporter -->
<testsuite hostname="ATMECSINLT-601" failures="0" tests="1" name="com.atmecs.rest.apiTesting.test.CreateUser" time="3.677" errors="0" timestamp="2020-11-09T16:15:50 IST" skipped="0">
  <testcase classname="com.atmecs.rest.apiTesting.test.CreateUser" name="createUser" time="3.677"/>
  <system-out/>
</testsuite> <!-- com.atmecs.rest.apiTesting.test.CreateUser -->
