<?xml version="1.0" encoding="UTF-8"?>
<!-- Generated by org.testng.reporters.JUnitReportReporter -->
<testsuite hostname="ATMECSINLT-601" failures="0" tests="1" name="com.atmecs.rest.apiTesting.test.PutUser" time="3.856" errors="0" timestamp="2020-11-09T16:17:19 IST" skipped="0">
  <testcase classname="com.atmecs.rest.apiTesting.test.PutUser" name="updateUser" time="3.856"/>
  <system-out/>
</testsuite> <!-- com.atmecs.rest.apiTesting.test.PutUser -->
