<?xml version="1.0" encoding="UTF-8"?>
<!-- Generated by org.testng.reporters.JUnitReportReporter -->
<testsuite hostname="ATMECSINLT-601" failures="0" tests="1" name="com.atmecs.rest.apiTesting.test.DeleteUser" time="3.873" errors="0" timestamp="2020-11-06T16:07:12 IST" skipped="0">
  <testcase classname="com.atmecs.rest.apiTesting.test.DeleteUser" name="deleteUser" time="3.873"/>
  <system-out/>
</testsuite> <!-- com.atmecs.rest.apiTesting.test.DeleteUser -->
