<?xml version="1.0" encoding="UTF-8"?>
<!-- Generated by org.testng.reporters.JUnitReportReporter -->
<testsuite hostname="ATMECSINLT-601" failures="0" tests="1" name="com.atmecs.rest.apiTesting.test.GetUserList" time="3.584" errors="0" timestamp="2020-11-09T11:54:27 IST" skipped="0">
  <testcase classname="com.atmecs.rest.apiTesting.test.GetUserList" name="getUserList" time="3.584"/>
  <system-out/>
</testsuite> <!-- com.atmecs.rest.apiTesting.test.GetUserList -->
